info it worked if it ends with ok
verbose cli [ 'node', '/usr/local/bin/npm', 'install' ]
info using npm@1.0.106
info using node@v0.6.2
verbose /usr/local/bin/node node symlink
verbose config file /Users/jessesanford/.npmrc
verbose config file /usr/local/etc/npmrc
verbose config file /usr/local/lib/node_modules/npm/npmrc
silly testEngine { name: 'job-beanstalk',
silly testEngine   version: '0.0.1',
silly testEngine   main: './lib/beanstalk.js',
silly testEngine   description: 'Beanstalk plugin for job',
silly testEngine   engines: { node: '*' },
silly testEngine   dependencies: { node_beanstalk_client: '*', node_beanstalk_worker: '*' },
silly testEngine   keywords: [ 'job', 'scheduler', 'beanstalk' ],
silly testEngine   _id: 'job-beanstalk@0.0.1',
silly testEngine   devDependencies: {},
silly testEngine   _engineSupported: true,
silly testEngine   _npmVersion: '1.0.106',
silly testEngine   _nodeVersion: 'v0.6.2',
silly testEngine   _defaultsLoaded: true,
silly testEngine   scripts: {} }
verbose caching /Users/jessesanford/workspace/ngCore-Scheduler/job-beanstalk/package.json
verbose loadDefaults job-beanstalk@0.0.1
verbose where, deps [ '/Users/jessesanford/workspace/ngCore-Scheduler/job-beanstalk',
verbose where, deps   [ 'node_beanstalk_client', 'node_beanstalk_worker' ] ]
verbose from cache /Users/jessesanford/workspace/ngCore-Scheduler/job-beanstalk/package.json
info preinstall job-beanstalk@0.0.1
verbose from cache /Users/jessesanford/workspace/ngCore-Scheduler/job-beanstalk/package.json
verbose into /Users/jessesanford/workspace/ngCore-Scheduler/job-beanstalk [ 'node_beanstalk_client@*', 'node_beanstalk_worker@*' ]
verbose cache add node_beanstalk_client@*
verbose cache add [ 'node_beanstalk_client@*', null ]
silly cache add: name, spec, args [ undefined,
silly cache add: name, spec, args   'node_beanstalk_client@*',
silly cache add: name, spec, args   [ 'node_beanstalk_client@*', null ] ]
verbose parsed url { pathname: 'node_beanstalk_client@*',
verbose parsed url   path: 'node_beanstalk_client@*',
verbose parsed url   href: 'node_beanstalk_client@*' }
silly cache add: name, spec, args [ 'node_beanstalk_client',
silly cache add: name, spec, args   '*',
silly cache add: name, spec, args   [ 'node_beanstalk_client', '*' ] ]
verbose parsed url { pathname: '*', path: '*', href: '*' }
info addNamed [ 'node_beanstalk_client', '*' ]
verbose addNamed [ null, '' ]
verbose cache add node_beanstalk_worker@*
verbose cache add [ 'node_beanstalk_worker@*', null ]
silly cache add: name, spec, args [ undefined,
silly cache add: name, spec, args   'node_beanstalk_worker@*',
silly cache add: name, spec, args   [ 'node_beanstalk_worker@*', null ] ]
verbose parsed url { pathname: 'node_beanstalk_worker@*',
verbose parsed url   path: 'node_beanstalk_worker@*',
verbose parsed url   href: 'node_beanstalk_worker@*' }
silly cache add: name, spec, args [ 'node_beanstalk_worker',
silly cache add: name, spec, args   '*',
silly cache add: name, spec, args   [ 'node_beanstalk_worker', '*' ] ]
verbose parsed url { pathname: '*', path: '*', href: '*' }
info addNamed [ 'node_beanstalk_worker', '*' ]
verbose addNamed [ null, '' ]
verbose GET node_beanstalk_client
verbose raw, before any munging node_beanstalk_client
verbose url resolving [ 'https://registry.npmjs.org/', './node_beanstalk_client' ]
verbose url resolved https://registry.npmjs.org/node_beanstalk_client
verbose GET node_beanstalk_worker
verbose raw, before any munging node_beanstalk_worker
verbose url resolving [ 'https://registry.npmjs.org/', './node_beanstalk_worker' ]
verbose url resolved https://registry.npmjs.org/node_beanstalk_worker
silly get cb [ 404,
silly get cb   { server: 'CouchDB/1.1.0 (Erlang OTP/R14B04)',
silly get cb     date: 'Tue, 13 Dec 2011 20:56:06 GMT',
silly get cb     'content-type': 'application/json',
silly get cb     'content-length': '52',
silly get cb     'cache-control': 'must-revalidate' } ]
ERR! 404 'node_beanstalk_client' is not in the npm registry.
ERR! 404 You could maybe bug the author to publish it
ERR! 404 Note that you can also install from a tarball or folder.
ERR! 
ERR! System Darwin 11.2.0
ERR! command "node" "/usr/local/bin/npm" "install"
ERR! cwd /Users/jessesanford/workspace/ngCore-Scheduler/job-beanstalk
ERR! node -v v0.6.2
ERR! npm -v 1.0.106
ERR! code E404
verbose exit [ 1, true ]
